Set parameter Username
Academic license - for non-commercial use only - expires 2022-07-10
received ./heuristic ./instances/zoo-MRCT/Colt_4.in 5 0 
Set parameter LogFile to value "heuristic_solver.log"
instance read
initial solution generated
clusterized
clusters created: 41
348023
[]
345164
Set parameter Username
Academic license - for non-commercial use only - expires 2022-07-10
received ./heuristic ./instances/zoo-MRCT/Deltacom_12.in 5 0 
Set parameter LogFile to value "heuristic_solver.log"
instance read
initial solution generated
clusterized
clusters created: 29
328757
[]
323016
Set parameter Username
Academic license - for non-commercial use only - expires 2022-07-10
received ./heuristic ./instances/zoo-MRCT/Cogentco_11.in 5 0 
Set parameter LogFile to value "heuristic_solver.log"
instance read
initial solution generated
clusterized
clusters created: 52
2.10748e+06
[]
2.06494e+06
Set parameter Username
Academic license - for non-commercial use only - expires 2022-07-10
received ./heuristic ./instances/zoo-MRCT/Colt_4.in 10 0 
Set parameter LogFile to value "heuristic_solver.log"
instance read
initial solution generated
clusterized
clusters created: 21
348023
[]
341348
Set parameter Username
Academic license - for non-commercial use only - expires 2022-07-10
received ./heuristic ./instances/zoo-MRCT/Cogentco_11.in 10 0 
Set parameter LogFile to value "heuristic_solver.log"
instance read
initial solution generated
clusterized
clusters created: 27
2.10748e+06
[]
1.96266e+06
Set parameter Username
Academic license - for non-commercial use only - expires 2022-07-10
received ./heuristic ./instances/zoo-MRCT/Colt_4.in 15 0 
Set parameter LogFile to value "heuristic_solver.log"
instance read
initial solution generated
clusterized
clusters created: 13
348023
[]
328335
Set parameter Username
Academic license - for non-commercial use only - expires 2022-07-10
received ./heuristic ./instances/zoo-MRCT/Colt_4.in 20 0 
Set parameter LogFile to value "heuristic_solver.log"
instance read
initial solution generated
clusterized
clusters created: 10
348023
[]
341347
Set parameter Username
Academic license - for non-commercial use only - expires 2022-07-10
received ./heuristic ./instances/zoo-MRCT/GtsCe_8.in 5 0 
Set parameter LogFile to value "heuristic_solver.log"
instance read
initial solution generated
clusterized
clusters created: 39
760237
[]
753963
Set parameter Username
Academic license - for non-commercial use only - expires 2022-07-10
received ./heuristic ./instances/zoo-MRCT/Deltacom_12.in 10 0 
Set parameter LogFile to value "heuristic_solver.log"
instance read
initial solution generated
clusterized
clusters created: 15
328757
[]
319384
Set parameter Username
Academic license - for non-commercial use only - expires 2022-07-10
received ./heuristic ./instances/zoo-MRCT/Cogentco_11.in 15 0 
Set parameter LogFile to value "heuristic_solver.log"
instance read
initial solution generated
clusterized
clusters created: 20
2.10748e+06
[]
1.9272e+06
Set parameter Username
Academic license - for non-commercial use only - expires 2022-07-10
received ./heuristic ./instances/zoo-MRCT/GtsCe_8.in 10 0 
Set parameter LogFile to value "heuristic_solver.log"
instance read
initial solution generated
clusterized
clusters created: 20
760237
[]
740202
Set parameter Username
Academic license - for non-commercial use only - expires 2022-07-10
received ./heuristic ./instances/zoo-MRCT/Cogentco_11.in 20 0 
Set parameter LogFile to value "heuristic_solver.log"
instance read
initial solution generated
clusterized
clusters created: 14
2.10748e+06
[]
1.9518e+06
Set parameter Username
Academic license - for non-commercial use only - expires 2022-07-10
received ./heuristic ./instances/zoo-MRCT/Deltacom_12.in 15 0 
Set parameter LogFile to value "heuristic_solver.log"
instance read
initial solution generated
clusterized
clusters created: 10
328757
[]
312689
Set parameter Username
Academic license - for non-commercial use only - expires 2022-07-10
received ./heuristic ./instances/zoo-MRCT/Palmetto.in 5 0 
Set parameter LogFile to value "heuristic_solver.log"
instance read
initial solution generated
clusterized
clusters created: 13
3751.5
[]
3595.7
Set parameter Username
Academic license - for non-commercial use only - expires 2022-07-10
received ./heuristic ./instances/zoo-MRCT/Palmetto.in 10 0 
Set parameter LogFile to value "heuristic_solver.log"
instance read
initial solution generated
clusterized
clusters created: 7
3751.5
[]
3331.87
Set parameter Username
Academic license - for non-commercial use only - expires 2022-07-10
received ./heuristic ./instances/zoo-MRCT/GtsCe_8.in 15 0 
Set parameter LogFile to value "heuristic_solver.log"
instance read
initial solution generated
clusterized
clusters created: 13
760237
[]
732227
Set parameter Username
Academic license - for non-commercial use only - expires 2022-07-10
received ./heuristic ./instances/zoo-MRCT/Palmetto.in 15 0 
Set parameter LogFile to value "heuristic_solver.log"
instance read
initial solution generated
clusterized
clusters created: 4
3751.5
[]
3302.01
Set parameter Username
Academic license - for non-commercial use only - expires 2022-07-10
received ./heuristic ./instances/zoo-MRCT/TataNld_2.in 5 0 
Set parameter LogFile to value "heuristic_solver.log"
instance read
initial solution generated
clusterized
clusters created: 39
254722
[]
252806
Set parameter Username
Academic license - for non-commercial use only - expires 2022-07-10
received ./heuristic ./instances/zoo-MRCT/TataNld_2.in 10 0 
Set parameter LogFile to value "heuristic_solver.log"
instance read
initial solution generated
clusterized
clusters created: 20
254722
[]
240883
Set parameter Username
Academic license - for non-commercial use only - expires 2022-07-10
received ./heuristic ./instances/zoo-MRCT/GtsCe_8.in 20 0 
Set parameter LogFile to value "heuristic_solver.log"
instance read
initial solution generated
clusterized
clusters created: 10
760237
[]
732333
Set parameter Username
Academic license - for non-commercial use only - expires 2022-07-10
received ./heuristic ./instances/zoo-MRCT/TataNld_2.in 15 0 
Set parameter LogFile to value "heuristic_solver.log"
instance read
initial solution generated
clusterized
clusters created: 14
254722
[]
222186
Set parameter Username
Academic license - for non-commercial use only - expires 2022-07-10
received ./heuristic ./instances/zoo-MRCT/Tw_cc.in 5 0 
Set parameter LogFile to value "heuristic_solver.log"
instance read
initial solution generated
clusterized
clusters created: 19
74934.5
[]
72279.9
Set parameter Username
Academic license - for non-commercial use only - expires 2022-07-10
received ./heuristic ./instances/zoo-MRCT/Tw_cc.in 10 0 
Set parameter LogFile to value "heuristic_solver.log"
instance read
initial solution generated
clusterized
clusters created: 10
74934.5
[]
70565.4
Set parameter Username
Academic license - for non-commercial use only - expires 2022-07-10
received ./heuristic ./instances/zoo-MRCT/Deltacom_12.in 20 0 
Set parameter LogFile to value "heuristic_solver.log"
instance read
initial solution generated
clusterized
clusters created: 7
328757
[]
304372
Set parameter Username
Academic license - for non-commercial use only - expires 2022-07-10
received ./heuristic ./instances/zoo-MRCT/Kdl_28.in 20 0 
Set parameter LogFile to value "heuristic_solver.log"
instance read
initial solution generated
clusterized
clusters created: 53
1.14228e+07
[]
1.00689e+07
Set parameter Username
Academic license - for non-commercial use only - expires 2022-07-10
received ./heuristic ./instances/zoo-MRCT/UsCarrier_6.in 5 0 
Set parameter LogFile to value "heuristic_solver.log"
instance read
initial solution generated
clusterized
clusters created: 41
555032
[]
543491
Set parameter Username
Academic license - for non-commercial use only - expires 2022-07-10
received ./heuristic ./instances/zoo-MRCT/UsCarrier_6.in 10 0 
Set parameter LogFile to value "heuristic_solver.log"
instance read
initial solution generated
clusterized
clusters created: 22
555032
[]
538308
Set parameter Username
Academic license - for non-commercial use only - expires 2022-07-10
received ./heuristic ./instances/zoo-MRCT/UsCarrier_6.in 15 0 
Set parameter LogFile to value "heuristic_solver.log"
instance read
initial solution generated
clusterized
clusters created: 15
555032
[]
539998
Set parameter Username
Academic license - for non-commercial use only - expires 2022-07-10
received ./heuristic ./instances/zoo-MRCT/Kdl_28.in 15 0 
Set parameter LogFile to value "heuristic_solver.log"
instance read
initial solution generated
clusterized
clusters created: 70
1.14228e+07
[]
1.05326e+07
Set parameter Username
Academic license - for non-commercial use only - expires 2022-07-10
received ./heuristic ./instances/zoo-MRCT/Kdl_28.in 10 0 
Set parameter LogFile to value "heuristic_solver.log"
instance read
initial solution generated
clusterized
clusters created: 105
1.14228e+07
[]
1.07033e+07
Set parameter Username
Academic license - for non-commercial use only - expires 2022-07-10
received ./heuristic ./instances/zoo-MRCT/Tw_cc.in 15 0 
Set parameter LogFile to value "heuristic_solver.log"
instance read
initial solution generated
clusterized
clusters created: 6
74934.5
[]
74349.7
Set parameter Username
Academic license - for non-commercial use only - expires 2022-07-10
received ./heuristic ./instances/zoo-MRCT/UsCarrier_6.in 20 0 
Set parameter LogFile to value "heuristic_solver.log"
instance read
initial solution generated
clusterized
clusters created: 11
555032
[]
536693
Set parameter Username
Academic license - for non-commercial use only - expires 2022-07-10
received ./heuristic ./instances/zoo-MRCT/TataNld_2.in 20 0 
Set parameter LogFile to value "heuristic_solver.log"
instance read
initial solution generated
clusterized
clusters created: 10
254722
[]
221158
parallel: SIGHUP received. No new jobs will be started.
parallel: Waiting for these 3 jobs to finish. Send SIGTERM to stop now.
parallel: ./heuristic ./instances/zoo-MRCT/Kdl_28.in 5 0
parallel: ./heuristic ./instances/zoo-MRCT/Tw_cc.in 20 0
parallel: ./heuristic ./instances/zoo-MRCT/Palmetto.in 20 0
Set parameter Username
Academic license - for non-commercial use only - expires 2022-07-10
received ./heuristic ./instances/zoo-MRCT/Kdl_28.in 5 0 
Set parameter LogFile to value "heuristic_solver.log"
instance read
initial solution generated
clusterized
clusters created: 191
1.14228e+07
[]
1.12532e+07
